<?xml version="1.0" encoding="UTF-8"?>
<!-- Generated by org.testng.reporters.JUnitXMLReporter -->
<testsuite ignored="0" hostname="DESKTOP-1LKOS4U" failures="0" tests="3" name="Default test" time="9.872" errors="0" timestamp="2022-06-12T16:17:10 IST">
  <testcase classname="tesngframework.HomePage" name="loginPage" time="5.702"/>
  <testcase classname="tesngframework.HomePage" name="suggetionBox" time="0.773"/>
  <testcase classname="tesngframework.HomePage" name="radioButton" time="0.133"/>
</testsuite> <!-- Default test -->
