<?xml version="1.0" encoding="UTF-8"?>
<!-- Generated by org.testng.reporters.JUnitXMLReporter -->
<testsuite ignored="0" hostname="DESKTOP-1LKOS4U" failures="0" tests="12" name="Test" time="50.836" errors="0" timestamp="2022-07-29T16:53:14 IST">
  <testcase classname="tesngframework.Windows" name="loginPage" time="5.958"/>
  <testcase classname="tesngframework.Windows" name="verifyAlert" time="0.452"/>
  <testcase classname="tesngframework.Windows" name="OpenTab" time="0.162"/>
  <testcase classname="tesngframework.Windows" name="SumOfCoursePrice" time="0.354"/>
  <testcase classname="tesngframework.Windows" name="VerifyTheElementDisplayed" time="0.067"/>
  <testcase classname="tesngframework.Windows" name="VerifyTotalAmount" time="0.276"/>
  <testcase classname="tesngframework.Windows" name="openWindow" time="26.171"/>
  <testcase classname="tesngframework.HomePage" name="loginPage" time="6.382"/>
  <testcase classname="tesngframework.HomePage" name="suggetionBox" time="0.961"/>
  <testcase classname="tesngframework.HomePage" name="CheckBox" time="0.101"/>
  <testcase classname="tesngframework.HomePage" name="DropDown" time="0.087"/>
  <testcase classname="tesngframework.HomePage" name="radioButton" time="0.088"/>
</testsuite> <!-- Test -->
