<?xml version="1.0" encoding="UTF-8"?>
<!-- Generated by org.testng.reporters.JUnitXMLReporter -->
<testsuite hostname="DESKTOP-1LKOS4U" ignored="0" name="Test" tests="12" failures="0" timestamp="2022-08-01T07:49:16 IST" time="48.233" errors="0">
  <testcase name="loginPage" time="5.113" classname="tesngframework.Windows"/>
  <testcase name="verifyAlert" time="0.464" classname="tesngframework.Windows"/>
  <testcase name="OpenTab" time="0.078" classname="tesngframework.Windows"/>
  <testcase name="SumOfCoursePrice" time="0.241" classname="tesngframework.Windows"/>
  <testcase name="VerifyTheElementDisplayed" time="0.061" classname="tesngframework.Windows"/>
  <testcase name="VerifyTotalAmount" time="0.26" classname="tesngframework.Windows"/>
  <testcase name="openWindow" time="19.11" classname="tesngframework.Windows"/>
  <testcase name="loginPage" time="5.95" classname="tesngframework.HomePage"/>
  <testcase name="suggetionBox" time="0.73" classname="tesngframework.HomePage"/>
  <testcase name="CheckBox" time="0.056" classname="tesngframework.HomePage"/>
  <testcase name="DropDown" time="0.061" classname="tesngframework.HomePage"/>
  <testcase name="radioButton" time="0.052" classname="tesngframework.HomePage"/>
</testsuite> <!-- Test -->
