<?xml version="1.0" encoding="UTF-8"?>
<testng-results ignored="0" total="12" passed="12" failed="0" skipped="0">
  <reporter-output>
  </reporter-output>
  <suite started-at="2022-07-29T16:52:23 IST" name="Suite" finished-at="2022-07-29T16:53:14 IST" duration-ms="50836">
    <groups>
    </groups>
    <test started-at="2022-07-29T16:52:23 IST" name="Test" finished-at="2022-07-29T16:53:14 IST" duration-ms="50836">
      <class name="tesngframework.Windows">
        <test-method is-config="true" signature="initilizeBrowser()[pri:0, instance:tesngframework.Windows@53fe15ff]" started-at="2022-07-29T16:52:30 IST" name="initilizeBrowser" finished-at="2022-07-29T16:52:31 IST" duration-ms="1513" status="PASS">
          <reporter-output>
          </reporter-output>
        </test-method> <!-- initilizeBrowser -->
        <test-method signature="loginPage(java.lang.String,java.lang.String)[pri:0, instance:tesngframework.Windows@53fe15ff]" started-at="2022-07-29T16:52:31 IST" name="loginPage" data-provider="getData" finished-at="2022-07-29T16:52:37 IST" duration-ms="5958" status="PASS">
          <params>
            <param index="0">
              <value>
                <![CDATA[Naveen]]>
              </value>
            </param>
            <param index="1">
              <value>
                <![CDATA[seleniumnaveen570@gmail.com]]>
              </value>
            </param>
          </params>
          <reporter-output>
          </reporter-output>
        </test-method> <!-- loginPage -->
        <test-method signature="verifyAlert()[pri:0, instance:tesngframework.Windows@53fe15ff]" started-at="2022-07-29T16:52:37 IST" name="verifyAlert" finished-at="2022-07-29T16:52:38 IST" duration-ms="452" status="PASS">
          <reporter-output>
          </reporter-output>
        </test-method> <!-- verifyAlert -->
        <test-method signature="OpenTab()[pri:0, instance:tesngframework.Windows@53fe15ff]" started-at="2022-07-29T16:52:38 IST" name="OpenTab" finished-at="2022-07-29T16:52:38 IST" depends-on-methods="tesngframework.Windows.loginPage" duration-ms="162" status="PASS">
          <reporter-output>
          </reporter-output>
        </test-method> <!-- OpenTab -->
        <test-method signature="SumOfCoursePrice()[pri:0, instance:tesngframework.Windows@53fe15ff]" started-at="2022-07-29T16:52:38 IST" name="SumOfCoursePrice" finished-at="2022-07-29T16:52:38 IST" depends-on-methods="tesngframework.Windows.loginPage" duration-ms="354" status="PASS">
          <reporter-output>
          </reporter-output>
        </test-method> <!-- SumOfCoursePrice -->
        <test-method signature="VerifyTheElementDisplayed()[pri:0, instance:tesngframework.Windows@53fe15ff]" started-at="2022-07-29T16:52:38 IST" name="VerifyTheElementDisplayed" finished-at="2022-07-29T16:52:38 IST" depends-on-methods="tesngframework.Windows.loginPage" duration-ms="67" status="PASS">
          <reporter-output>
          </reporter-output>
        </test-method> <!-- VerifyTheElementDisplayed -->
        <test-method signature="VerifyTotalAmount()[pri:0, instance:tesngframework.Windows@53fe15ff]" started-at="2022-07-29T16:52:38 IST" name="VerifyTotalAmount" finished-at="2022-07-29T16:52:39 IST" depends-on-methods="tesngframework.Windows.loginPage" duration-ms="276" status="PASS">
          <reporter-output>
          </reporter-output>
        </test-method> <!-- VerifyTotalAmount -->
        <test-method signature="openWindow()[pri:0, instance:tesngframework.Windows@53fe15ff]" started-at="2022-07-29T16:52:39 IST" name="openWindow" finished-at="2022-07-29T16:53:05 IST" depends-on-methods="tesngframework.Windows.loginPage" duration-ms="26171" status="PASS">
          <reporter-output>
          </reporter-output>
        </test-method> <!-- openWindow -->
        <test-method is-config="true" signature="closeBrowser()[pri:0, instance:tesngframework.Windows@53fe15ff]" started-at="2022-07-29T16:53:13 IST" name="closeBrowser" finished-at="2022-07-29T16:53:14 IST" duration-ms="767" status="PASS">
          <reporter-output>
          </reporter-output>
        </test-method> <!-- closeBrowser -->
      </class> <!-- tesngframework.Windows -->
      <class name="tesngframework.HomePage">
        <test-method is-config="true" signature="intilizeBrowser()[pri:0, instance:tesngframework.HomePage@410ae9a3]" started-at="2022-07-29T16:52:23 IST" name="intilizeBrowser" finished-at="2022-07-29T16:52:30 IST" duration-ms="6800" status="PASS">
          <reporter-output>
          </reporter-output>
        </test-method> <!-- intilizeBrowser -->
        <test-method signature="loginPage(java.lang.String,java.lang.String)[pri:0, instance:tesngframework.HomePage@410ae9a3]" started-at="2022-07-29T16:53:05 IST" name="loginPage" data-provider="getData" finished-at="2022-07-29T16:53:11 IST" duration-ms="6382" status="PASS">
          <params>
            <param index="0">
              <value>
                <![CDATA[Naveen]]>
              </value>
            </param>
            <param index="1">
              <value>
                <![CDATA[seleniumnaveen570@gmail.com]]>
              </value>
            </param>
          </params>
          <reporter-output>
          </reporter-output>
        </test-method> <!-- loginPage -->
        <test-method signature="suggetionBox()[pri:0, instance:tesngframework.HomePage@410ae9a3]" started-at="2022-07-29T16:53:11 IST" name="suggetionBox" finished-at="2022-07-29T16:53:12 IST" duration-ms="961" status="PASS">
          <reporter-output>
          </reporter-output>
        </test-method> <!-- suggetionBox -->
        <test-method signature="CheckBox()[pri:0, instance:tesngframework.HomePage@410ae9a3]" started-at="2022-07-29T16:53:12 IST" name="CheckBox" finished-at="2022-07-29T16:53:12 IST" depends-on-methods="tesngframework.HomePage.loginPage" duration-ms="101" status="PASS">
          <reporter-output>
          </reporter-output>
        </test-method> <!-- CheckBox -->
        <test-method signature="DropDown()[pri:0, instance:tesngframework.HomePage@410ae9a3]" started-at="2022-07-29T16:53:12 IST" name="DropDown" finished-at="2022-07-29T16:53:12 IST" depends-on-methods="tesngframework.HomePage.loginPage" duration-ms="87" status="PASS">
          <reporter-output>
          </reporter-output>
        </test-method> <!-- DropDown -->
        <test-method signature="radioButton()[pri:0, instance:tesngframework.HomePage@410ae9a3]" started-at="2022-07-29T16:53:12 IST" name="radioButton" finished-at="2022-07-29T16:53:12 IST" depends-on-methods="tesngframework.HomePage.loginPage" duration-ms="88" status="PASS">
          <reporter-output>
          </reporter-output>
        </test-method> <!-- radioButton -->
        <test-method is-config="true" signature="closeBrowser()[pri:0, instance:tesngframework.HomePage@410ae9a3]" started-at="2022-07-29T16:53:12 IST" name="closeBrowser" finished-at="2022-07-29T16:53:13 IST" duration-ms="623" status="PASS">
          <reporter-output>
          </reporter-output>
        </test-method> <!-- closeBrowser -->
      </class> <!-- tesngframework.HomePage -->
    </test> <!-- Test -->
  </suite> <!-- Suite -->
</testng-results>
